<?xml version="1.0" encoding="UTF-8"?>
<!-- Generated by org.testng.reporters.JUnitReportReporter -->
<testsuite skipped="0" hostname="hp" name="demo.testcases.ManagerPageTests" tests="4" failures="0" timestamp="2022-02-19T19:13:42 IST" time="54.836" errors="0">
  <testcase name="ManagerPageTitleTest" time="12.221" classname="demo.testcases.ManagerPageTests"/>
  <system-out/>
  <testcase name="verifyManagerIdTest" time="12.250" classname="demo.testcases.ManagerPageTests"/>
  <system-out/>
  <testcase name="verifyAllLinksTest" time="14.373" classname="demo.testcases.ManagerPageTests"/>
  <system-out/>
  <testcase name="verifynewCustomerlinkTest" time="15.992" classname="demo.testcases.ManagerPageTests"/>
  <system-out/>
</testsuite> <!-- demo.testcases.ManagerPageTests -->
