<?xml version="1.0" encoding="UTF-8"?>
<!-- Generated by org.testng.reporters.JUnitReportReporter -->
<testsuite skipped="0" hostname="hp" name="demo.testcases.LoginPageTests" tests="5" failures="0" timestamp="2022-02-19T19:13:42 IST" time="71.089" errors="0">
  <testcase name="loginPageTitleTest" time="18.305" classname="demo.testcases.LoginPageTests"/>
  <system-out/>
  <testcase name="loginWithInvalidData" time="10.815" classname="demo.testcases.LoginPageTests"/>
  <system-out/>
  <testcase name="loginWithInvalidData" time="11.399" classname="demo.testcases.LoginPageTests"/>
  <system-out/>
  <testcase name="loginWithInvalidData" time="16.043" classname="demo.testcases.LoginPageTests"/>
  <system-out/>
  <testcase name="loginWithValidData" time="14.527" classname="demo.testcases.LoginPageTests"/>
  <system-out/>
</testsuite> <!-- demo.testcases.LoginPageTests -->
