<?xml version="1.0" encoding="UTF-8"?>
<!-- Generated by org.testng.reporters.JUnitReportReporter -->
<testsuite skipped="0" hostname="hp" name="demo.testcases.LoginPageTests" tests="5" failures="0" timestamp="2022-02-14T17:56:36 IST" time="92.851" errors="0">
  <testcase name="loginPageTitleTest" time="8.508" classname="demo.testcases.LoginPageTests"/>
  <system-out/>
  <testcase name="loginWithInvalidData" time="14.699" classname="demo.testcases.LoginPageTests"/>
  <system-out/>
  <testcase name="loginWithInvalidData" time="10.019" classname="demo.testcases.LoginPageTests"/>
  <system-out/>
  <testcase name="loginWithInvalidData" time="49.185" classname="demo.testcases.LoginPageTests"/>
  <system-out/>
  <testcase name="loginWithValidData" time="10.440" classname="demo.testcases.LoginPageTests"/>
  <system-out/>
</testsuite> <!-- demo.testcases.LoginPageTests -->
