<?xml version="1.0" encoding="UTF-8"?>
<!-- Generated by org.testng.reporters.JUnitReportReporter -->
<testsuite skipped="0" hostname="hp" name="com.guru99.demo.testcases.LoginTests" tests="5" failures="0" timestamp="2022-01-26T17:37:55 IST" time="129.170" errors="0">
  <testcase name="loginTest" time="45.758" classname="com.guru99.demo.testcases.LoginTests"/>
  <system-out/>
  <testcase name="loginTest" time="45.969" classname="com.guru99.demo.testcases.LoginTests"/>
  <system-out/>
  <testcase name="loginTest" time="13.257" classname="com.guru99.demo.testcases.LoginTests"/>
  <system-out/>
  <testcase name="loginTest" time="13.788" classname="com.guru99.demo.testcases.LoginTests"/>
  <system-out/>
  <testcase name="loginPageTitleTest" time="10.398" classname="com.guru99.demo.testcases.LoginTests"/>
  <system-out/>
</testsuite> <!-- com.guru99.demo.testcases.LoginTests -->
