<?xml version="1.0" encoding="UTF-8"?>
<!-- Generated by org.testng.reporters.JUnitReportReporter -->
<testsuite skipped="0" hostname="hp" name="demo.testcases.ManagerPageTests" tests="4" failures="0" timestamp="2022-02-14T17:56:36 IST" time="50.929" errors="0">
  <testcase name="ManagerPageTitleTest" time="12.214" classname="demo.testcases.ManagerPageTests"/>
  <system-out/>
  <testcase name="verifyManagerIdTest" time="12.285" classname="demo.testcases.ManagerPageTests"/>
  <system-out/>
  <testcase name="verifyAllLinksTest" time="13.570" classname="demo.testcases.ManagerPageTests"/>
  <system-out/>
  <testcase name="verifynewCustomerlinkTest" time="12.860" classname="demo.testcases.ManagerPageTests"/>
  <system-out/>
</testsuite> <!-- demo.testcases.ManagerPageTests -->
