<?xml version="1.0" encoding="UTF-8"?>
<!-- Generated by org.testng.reporters.JUnitReportReporter -->
<testsuite skipped="0" hostname="hp" name="com.guru99.demo.testcases.testMethods" tests="1" failures="0" timestamp="2022-02-04T22:11:22 IST" time="12.731" errors="0">
  <testcase name="testnewMethod" time="12.731" classname="com.guru99.demo.testcases.testMethods"/>
  <system-out/>
</testsuite> <!-- com.guru99.demo.testcases.testMethods -->
