<?xml version="1.0" encoding="UTF-8"?>
<!-- Generated by org.testng.reporters.JUnitReportReporter -->
<testsuite skipped="0" hostname="hp" name="demo.testcases.LoginPageTests" tests="5" failures="0" timestamp="2022-02-14T18:38:14 IST" time="70.753" errors="0">
  <testcase name="loginPageTitleTest" time="15.965" classname="demo.testcases.LoginPageTests"/>
  <system-out/>
  <testcase name="loginWithInvalidData" time="13.465" classname="demo.testcases.LoginPageTests"/>
  <system-out/>
  <testcase name="loginWithInvalidData" time="10.960" classname="demo.testcases.LoginPageTests"/>
  <system-out/>
  <testcase name="loginWithInvalidData" time="8.906" classname="demo.testcases.LoginPageTests"/>
  <system-out/>
  <testcase name="loginWithValidData" time="21.457" classname="demo.testcases.LoginPageTests"/>
  <system-out/>
</testsuite> <!-- demo.testcases.LoginPageTests -->
