<?xml version="1.0" encoding="UTF-8"?>
<!-- Generated by org.testng.reporters.JUnitReportReporter -->
<testsuite skipped="0" hostname="hp" name="demo.testcases.ManagerPageTests" tests="4" failures="0" timestamp="2022-02-14T18:38:14 IST" time="54.316" errors="0">
  <testcase name="ManagerPageTitleTest" time="11.719" classname="demo.testcases.ManagerPageTests"/>
  <system-out/>
  <testcase name="verifyManagerIdTest" time="14.076" classname="demo.testcases.ManagerPageTests"/>
  <system-out/>
  <testcase name="verifyAllLinksTest" time="11.237" classname="demo.testcases.ManagerPageTests"/>
  <system-out/>
  <testcase name="verifynewCustomerlinkTest" time="17.284" classname="demo.testcases.ManagerPageTests"/>
  <system-out/>
</testsuite> <!-- demo.testcases.ManagerPageTests -->
