<?xml version="1.0" encoding="UTF-8"?>
<!-- Generated by org.testng.reporters.JUnitReportReporter -->
<testsuite skipped="0" hostname="hp" name="demo.testcases.ManagerPageTests" tests="4" failures="0" timestamp="2022-02-19T18:35:24 IST" time="74.346" errors="0">
  <testcase name="ManagerPageTitleTest" time="12.890" classname="demo.testcases.ManagerPageTests"/>
  <system-out/>
  <testcase name="verifyManagerIdTest" time="18.655" classname="demo.testcases.ManagerPageTests"/>
  <system-out/>
  <testcase name="verifyAllLinksTest" time="15.070" classname="demo.testcases.ManagerPageTests"/>
  <system-out/>
  <testcase name="verifynewCustomerlinkTest" time="27.731" classname="demo.testcases.ManagerPageTests"/>
  <system-out/>
</testsuite> <!-- demo.testcases.ManagerPageTests -->
