<?xml version="1.0" encoding="UTF-8"?>
<!-- Generated by org.testng.reporters.JUnitReportReporter -->
<testsuite skipped="0" hostname="hp" name="demo.testcases.LoginPageTests" tests="5" failures="0" timestamp="2022-02-19T18:35:24 IST" time="81.106" errors="0">
  <testcase name="loginPageTitleTest" time="16.060" classname="demo.testcases.LoginPageTests"/>
  <system-out/>
  <testcase name="loginWithInvalidData" time="29.413" classname="demo.testcases.LoginPageTests"/>
  <system-out/>
  <testcase name="loginWithInvalidData" time="11.882" classname="demo.testcases.LoginPageTests"/>
  <system-out/>
  <testcase name="loginWithInvalidData" time="12.985" classname="demo.testcases.LoginPageTests"/>
  <system-out/>
  <testcase name="loginWithValidData" time="10.766" classname="demo.testcases.LoginPageTests"/>
  <system-out/>
</testsuite> <!-- demo.testcases.LoginPageTests -->
